<?xml version="1.0" encoding="UTF-8"?>
<!-- Generated by org.testng.reporters.JUnitXMLReporter -->
<testsuite ignored="0" hostname="Gopi" failures="0" tests="3" name="Default test" time="69.016" errors="0" timestamp="2022-12-25T12:05:46 IST">
  <testcase classname="com.HRM.Testpages.AddEmployee" name="Validate_PrinterSettings" time="0.013"/>
  <testcase classname="com.HRM.Testpages.AddEmployee" name="Validate_ValidSendkeys" time="23.447"/>
  <testcase classname="com.HRM.Testpages.AddEmployee" name="Validate_Addemployee_click" time="32.601"/>
</testsuite> <!-- Default test -->
