<?xml version="1.0" encoding="UTF-8"?>
<testng-results ignored="0" total="3" passed="3" failed="0" skipped="0">
  <reporter-output>
  </reporter-output>
  <suite started-at="2022-12-25T12:04:37 IST" name="Default suite" finished-at="2022-12-25T12:05:46 IST" duration-ms="69016">
    <groups>
    </groups>
    <test started-at="2022-12-25T12:04:37 IST" name="Default test" finished-at="2022-12-25T12:05:46 IST" duration-ms="69016">
      <class name="com.HRM.Testpages.AddEmployee">
        <test-method is-config="true" signature="openbrowser()[pri:0, instance:com.HRM.Testpages.AddEmployee@759d26fb]" started-at="2022-12-25T12:04:37 IST" name="openbrowser" finished-at="2022-12-25T12:04:49 IST" duration-ms="12718" status="PASS">
          <reporter-output>
          </reporter-output>
        </test-method> <!-- openbrowser -->
        <test-method signature="Validate_PrinterSettings()[pri:0, instance:com.HRM.Testpages.AddEmployee@759d26fb]" started-at="2022-12-25T12:04:49 IST" name="Validate_PrinterSettings" finished-at="2022-12-25T12:04:49 IST" duration-ms="13" status="PASS">
          <reporter-output>
          </reporter-output>
        </test-method> <!-- Validate_PrinterSettings -->
        <test-method is-config="true" signature="takeScreenshot(org.testng.ITestResult)[pri:0, instance:com.HRM.Testpages.AddEmployee@759d26fb]" started-at="2022-12-25T12:04:50 IST" name="takeScreenshot" finished-at="2022-12-25T12:04:50 IST" duration-ms="7" status="PASS">
          <params>
            <param index="0">
              <value>
                <![CDATA[[TestResult name=Validate_PrinterSettings status=SUCCESS method=AddEmployee.Validate_PrinterSettings()[pri:0, instance:com.HRM.Testpages.AddEmployee@759d26fb] output={null}]]]>
              </value>
            </param>
          </params>
          <reporter-output>
          </reporter-output>
        </test-method> <!-- takeScreenshot -->
        <test-method signature="Validate_ValidSendkeys()[pri:1, instance:com.HRM.Testpages.AddEmployee@759d26fb]" started-at="2022-12-25T12:04:50 IST" name="Validate_ValidSendkeys" finished-at="2022-12-25T12:05:13 IST" duration-ms="23447" status="PASS">
          <reporter-output>
          </reporter-output>
        </test-method> <!-- Validate_ValidSendkeys -->
        <test-method is-config="true" signature="takeScreenshot(org.testng.ITestResult)[pri:0, instance:com.HRM.Testpages.AddEmployee@759d26fb]" started-at="2022-12-25T12:05:13 IST" name="takeScreenshot" finished-at="2022-12-25T12:05:13 IST" duration-ms="1" status="PASS">
          <params>
            <param index="0">
              <value>
                <![CDATA[[TestResult name=Validate_ValidSendkeys status=SUCCESS method=AddEmployee.Validate_ValidSendkeys()[pri:1, instance:com.HRM.Testpages.AddEmployee@759d26fb] output={null}]]]>
              </value>
            </param>
          </params>
          <reporter-output>
          </reporter-output>
        </test-method> <!-- takeScreenshot -->
        <test-method signature="Validate_Addemployee_click()[pri:2, instance:com.HRM.Testpages.AddEmployee@759d26fb]" started-at="2022-12-25T12:05:13 IST" name="Validate_Addemployee_click" finished-at="2022-12-25T12:05:46 IST" duration-ms="32601" status="PASS">
          <reporter-output>
          </reporter-output>
        </test-method> <!-- Validate_Addemployee_click -->
        <test-method is-config="true" signature="takeScreenshot(org.testng.ITestResult)[pri:0, instance:com.HRM.Testpages.AddEmployee@759d26fb]" started-at="2022-12-25T12:05:46 IST" name="takeScreenshot" finished-at="2022-12-25T12:05:46 IST" duration-ms="0" status="PASS">
          <params>
            <param index="0">
              <value>
                <![CDATA[[TestResult name=Validate_Addemployee_click status=SUCCESS method=AddEmployee.Validate_Addemployee_click()[pri:2, instance:com.HRM.Testpages.AddEmployee@759d26fb] output={null}]]]>
              </value>
            </param>
          </params>
          <reporter-output>
          </reporter-output>
        </test-method> <!-- takeScreenshot -->
        <test-method is-config="true" signature="Closewindw()[pri:0, instance:com.HRM.Testpages.AddEmployee@759d26fb]" started-at="2022-12-25T12:05:46 IST" name="Closewindw" finished-at="2022-12-25T12:05:46 IST" duration-ms="132" status="PASS">
          <reporter-output>
          </reporter-output>
        </test-method> <!-- Closewindw -->
      </class> <!-- com.HRM.Testpages.AddEmployee -->
    </test> <!-- Default test -->
  </suite> <!-- Default suite -->
</testng-results>
